<?xml version="1.0" encoding="UTF-8"?>
<!-- Generated by org.testng.reporters.JUnitXMLReporter -->
<testsuite ignored="0" hostname="DESKTOP-45LN54O" failures="0" tests="2" name="Test" time="366.508" errors="0" timestamp="2021-05-20T13:18:15 IST">
  <testcase classname="com.cucumber.testrunner.CustomAbstractTestNGCucumberTests" name="runScenario" time="8.076"/>
  <testcase classname="com.cucumber.testrunner.CustomAbstractTestNGCucumberTests" name="runScenario" time="6.364"/>
</testsuite> <!-- Test -->
