<?xml version="1.0" encoding="UTF-8"?>
<testng-results ignored="0" total="2" passed="2" failed="0" skipped="0">
  <reporter-output>
  </reporter-output>
  <suite started-at="2021-05-20T13:12:08 IST" name="Suite" finished-at="2021-05-20T13:18:15 IST" duration-ms="366508">
    <groups>
      <group name="cucumber">
        <method signature="CustomAbstractTestNGCucumberTests.runScenario(io.cucumber.testng.PickleWrapper, io.cucumber.testng.FeatureWrapper)[pri:0, instance:com.cucumber.testrunner.TestRunner@34f5090e]" name="runScenario" class="com.cucumber.testrunner.CustomAbstractTestNGCucumberTests"/>
      </group> <!-- cucumber -->
    </groups>
    <test started-at="2021-05-20T13:12:08 IST" name="Test" finished-at="2021-05-20T13:18:15 IST" duration-ms="366508">
      <class name="com.cucumber.testrunner.TestRunner">
        <test-method is-config="true" signature="setUpClass()[pri:0, instance:com.cucumber.testrunner.TestRunner@34f5090e]" started-at="2021-05-20T13:12:08 IST" name="setUpClass" finished-at="2021-05-20T13:12:10 IST" duration-ms="1257" status="PASS">
          <reporter-output>
          </reporter-output>
        </test-method> <!-- setUpClass -->
        <test-method is-config="true" signature="setUpCucumber()[pri:0, instance:com.cucumber.testrunner.TestRunner@34f5090e]" started-at="2021-05-20T13:12:10 IST" name="setUpCucumber" finished-at="2021-05-20T13:12:10 IST" duration-ms="52" status="PASS">
          <reporter-output>
          </reporter-output>
        </test-method> <!-- setUpCucumber -->
        <test-method signature="runScenario(io.cucumber.testng.PickleWrapper, io.cucumber.testng.FeatureWrapper)[pri:0, instance:com.cucumber.testrunner.TestRunner@34f5090e]" started-at="2021-05-20T13:12:13 IST" name="runScenario" description="Runs Cucumber Scenarios" data-provider="scenarios" finished-at="2021-05-20T13:12:21 IST" duration-ms="8076" status="PASS">
          <params>
            <param index="0">
              <value>
                <![CDATA["checking the login page"]]>
              </value>
            </param>
            <param index="1">
              <value>
                <![CDATA["Optional[Login page]"]]>
              </value>
            </param>
          </params>
          <reporter-output>
          </reporter-output>
        </test-method> <!-- runScenario -->
        <test-method signature="runScenario(io.cucumber.testng.PickleWrapper, io.cucumber.testng.FeatureWrapper)[pri:0, instance:com.cucumber.testrunner.TestRunner@34f5090e]" started-at="2021-05-20T13:12:21 IST" name="runScenario" description="Runs Cucumber Scenarios" data-provider="scenarios" finished-at="2021-05-20T13:12:28 IST" duration-ms="6364" status="PASS">
          <params>
            <param index="0">
              <value>
                <![CDATA["checking the login page1"]]>
              </value>
            </param>
            <param index="1">
              <value>
                <![CDATA["Optional[Login page]"]]>
              </value>
            </param>
          </params>
          <reporter-output>
          </reporter-output>
        </test-method> <!-- runScenario -->
        <test-method is-config="true" signature="tearDownClass()[pri:0, instance:com.cucumber.testrunner.TestRunner@34f5090e]" started-at="2021-05-20T13:12:28 IST" name="tearDownClass" finished-at="2021-05-20T13:18:15 IST" duration-ms="347049" status="PASS">
          <reporter-output>
          </reporter-output>
        </test-method> <!-- tearDownClass -->
      </class> <!-- com.cucumber.testrunner.TestRunner -->
    </test> <!-- Test -->
  </suite> <!-- Suite -->
</testng-results>
